0 verbose cli C:\Program Files\nodejs\node.exe C:\Users\hp\AppData\Roaming\npm\node_modules\npm\bin\npm-cli.js
1 info using npm@11.5.1
2 info using node@v22.16.0
3 silly config load:file:C:\Users\hp\AppData\Roaming\npm\node_modules\npm\npmrc
4 silly config load:file:C:\Users\hp\Desktop\Web-dev\MyProject\Chat-App\backend\.npmrc
5 silly config load:file:C:\Users\hp\.npmrc
6 silly config load:file:C:\Users\hp\AppData\Roaming\npm\etc\npmrc
7 verbose title npm run server
8 verbose argv "run" "server"
9 verbose logfile logs-max:10 dir:C:\Users\hp\Desktop\Web-dev\MyProject\Chat-App\backend\UsershpAppDataLocalTempnpm-cache\_logs\2025-09-23T20_34_27_366Z-
10 verbose logfile C:\Users\hp\Desktop\Web-dev\MyProject\Chat-App\backend\UsershpAppDataLocalTempnpm-cache\_logs\2025-09-23T20_34_27_366Z-debug-0.log
11 silly logfile done cleaning log files
12 verbose stack Error: Missing script: "server"
12 verbose stack
12 verbose stack To see a list of scripts, run:
12 verbose stack   npm run
12 verbose stack     at #run (C:\Users\hp\AppData\Roaming\npm\node_modules\npm\lib\commands\run.js:115:13)
12 verbose stack     at async RunScript.exec (C:\Users\hp\AppData\Roaming\npm\node_modules\npm\lib\commands\run.js:44:7)
12 verbose stack     at async Npm.exec (C:\Users\hp\AppData\Roaming\npm\node_modules\npm\lib\npm.js:208:9)
12 verbose stack     at async module.exports (C:\Users\hp\AppData\Roaming\npm\node_modules\npm\lib\cli\entry.js:67:5)
13 error Missing script: "server"
13 error
13 error To see a list of scripts, run:
13 error   npm run
14 verbose cwd C:\Users\hp\Desktop\Web-dev\MyProject\Chat-App\backend
15 verbose os Windows_NT 10.0.26100
16 verbose node v22.16.0
17 verbose npm  v11.5.1
18 verbose exit 1
19 verbose code 1
20 error A complete log of this run can be found in: C:\Users\hp\Desktop\Web-dev\MyProject\Chat-App\backend\UsershpAppDataLocalTempnpm-cache\_logs\2025-09-23T20_34_27_366Z-debug-0.log
