0 verbose cli C:\Program Files\nodejs\node.exe C:\Users\hp\AppData\Roaming\npm\node_modules\npm\bin\npm-cli.js
1 info using npm@11.5.1
2 info using node@v22.16.0
3 silly config load:file:C:\Users\hp\AppData\Roaming\npm\node_modules\npm\npmrc
4 silly config load:file:C:\Users\hp\Desktop\Web-dev\MyProject\Chat-App\.npmrc
5 silly config load:file:C:\Users\hp\.npmrc
6 silly config load:file:C:\Users\hp\AppData\Roaming\npm\etc\npmrc
7 verbose title npm create vite@latest
8 verbose argv "create" "vite@latest"
9 verbose logfile logs-max:10 dir:C:\Users\hp\Desktop\Web-dev\MyProject\Chat-App\UsershpAppDataLocalTempnpm-cache\_logs\2025-09-21T06_44_24_545Z-
10 verbose logfile C:\Users\hp\Desktop\Web-dev\MyProject\Chat-App\UsershpAppDataLocalTempnpm-cache\_logs\2025-09-21T06_44_24_545Z-debug-0.log
11 silly logfile done cleaning log files
12 silly packumentCache heap:2197815296 maxSize:549453824 maxEntrySize:274726912
13 http fetch GET 200 https://registry.npmjs.org/create-vite 861ms (cache miss)
14 silly packumentCache heap:2197815296 maxSize:549453824 maxEntrySize:274726912
15 http fetch GET 200 https://registry.npmjs.org/npm 1046ms
16 silly idealTree buildDeps
17 silly fetch manifest create-vite@7.1.2
18 silly packumentCache full:https://registry.npmjs.org/create-vite cache-miss
19 http fetch GET 200 https://registry.npmjs.org/create-vite 88ms (cache miss)
20 silly packumentCache full:https://registry.npmjs.org/create-vite set size:undefined disposed:false
21 silly placeDep ROOT create-vite@7.1.2 OK for:  want: 7.1.2
22 silly reify moves {}
23 silly audit bulk request { 'create-vite': [ '7.1.2' ] }
24 http cache create-vite@https://registry.npmjs.org/create-vite/-/create-vite-7.1.2.tgz 0ms (cache hit)
25 silly tarball no local data for create-vite@https://registry.npmjs.org/create-vite/-/create-vite-7.1.2.tgz. Extracting by manifest.
26 http fetch GET 200 https://registry.npmjs.org/create-vite/-/create-vite-7.1.2.tgz 330ms (cache miss)
27 http fetch POST 200 https://registry.npmjs.org/-/npm/v1/security/advisories/bulk 554ms
28 silly audit report {}
29 verbose cwd C:\Users\hp\Desktop\Web-dev\MyProject\Chat-App
30 verbose os Windows_NT 10.0.26100
31 verbose node v22.16.0
32 verbose npm  v11.5.1
33 notice
33 notice New [33mminor[39m version of npm available! [33m11.5.1[39m -> [34m11.6.0[39m
33 notice Changelog: [34mhttps://github.com/npm/cli/releases/tag/v11.6.0[39m
33 notice To update run: [4mnpm install -g npm@11.6.0[24m
33 notice  { force: true, [Symbol(proc-log.meta)]: true }
34 verbose exit 0
35 info ok
